Query: How to create a 3D Doom-like game using HTML and JavaScript?

Response:
Creating a 3D Doom-like game using HTML and JavaScript is an exciting project that involves understanding 3D graphics, game development concepts, and web technologies. Here's a step-by-step guide to help you get started.

## 1. Understand the Basics

Before diving into coding, it's essential to have a grasp of:

- **3D Graphics Concepts**: Coordinate systems, transformations, camera projection, lighting, textures.
- **Game Development Fundamentals**: Game loops, input handling, collision detection, AI for enemies.
- **Web Technologies**: HTML5, JavaScript, and the Document Object Model (DOM).

## 2. Choose the Right Libraries

Creating a 3D game from scratch is complex. Utilize existing libraries to simplify the process:

- **Three.js**: A popular 3D library that abstracts WebGL to make it easier to create and display animated 3D graphics in a web browser.
  - [Official Website](https://threejs.org/)
  - [Documentation](https://threejs.org/docs/)
- **Babylon.js**: A powerful, fully open-source 3D engine.
  - [Official Website](https://www.babylonjs.com/)
  - [Documentation](https://doc.babylonjs.com/)

For a Doom-like game, which originally used a technique called ray casting (a form of 2.5D rendering), you might also consider:

- **Raycasting Techniques**: You can implement ray casting manually or use libraries that support it.

## 3. Set Up the Development Environment

- **Code Editor**: Use an editor like Visual Studio Code, Atom, or Sublime Text.
- **Local Server**: For testing, you can use a simple HTTP server. If you're using VS Code, the Live Server extension is helpful.

## 4. Create the Basic HTML Structure

Your HTML file will host the canvas where the game renders.

```html
<!DOCTYPE html>
<html lang="en">
<head>
  <meta charset="UTF-8">
  <title>Doom-like 3D Game</title>
</head>
<body>
  <script src="path/to/three.min.js"></script>
  <script src="js/main.js"></script>
</body>
</html>
```

## 5. Initialize the Three.js Scene

In your `main.js`:

```javascript
// Import necessary components from Three.js (if using modules)

// Set up the scene, camera, and renderer
const scene = new THREE.Scene();

// Set up the camera with a field of view, aspect ratio, near and far clipping plane
const camera = new THREE.PerspectiveCamera(
  75, // Field of view
  window.innerWidth / window.innerHeight, // Aspect ratio
  0.1, // Near clipping plane
  1000 // Far clipping plane
);

// Set up the renderer and append it to the document
const renderer = new THREE.WebGLRenderer();
renderer.setSize(window.innerWidth, window.innerHeight);
document.body.appendChild(renderer.domElement);

// Add event listener to handle window resizing
window.addEventListener('resize', () => {
  const width = window.innerWidth;
  const height = window.innerHeight;

  renderer.setSize(width, height);

  camera.aspect = width / height;
  camera.updateProjectionMatrix();
});

// Basic animation loop
function animate() {
  requestAnimationFrame(animate);

  // Update objects here

  renderer.render(scene, camera);
}
animate();
```

## 6. Create the Game World

For a Doom-like environment:

- **Level Design**: Create a basic level using geometry. Walls can be simple boxes or planes.
- **Textures**: Apply wall and floor textures.
- **Lighting**: Add ambient and point lights to simulate the game's atmosphere.

Example of adding a textured wall:

```javascript
// Load textures
const textureLoader = new THREE.TextureLoader();
const wallTexture = textureLoader.load('textures/wall.jpg');

// Create wall geometry and material
const wallGeometry = new THREE.BoxGeometry(10, 10, 1); // Width, Height, Depth
const wallMaterial = new THREE.MeshBasicMaterial({ map: wallTexture });
const wall = new THREE.Mesh(wallGeometry, wallMaterial);
wall.position.set(0, 5, -5); // Adjust position as needed
scene.add(wall);
```

## 7. Implement Player Movement

- **Controls**: Capture keyboard input to move the camera.
- **Movement Logic**: Update the camera's position based on input.

Example using basic controls:

```javascript
const movement = {
  forward: false,
  backward: false,
  left: false,
  right: false
};

document.addEventListener('keydown', (event) => {
  switch(event.code) {
    case 'ArrowUp':
    case 'KeyW':
      movement.forward = true;
      break;
    case 'ArrowDown':
    case 'KeyS':
      movement.backward = true;
      break;
    case 'ArrowLeft':
    case 'KeyA':
      movement.left = true;
      break;
    case 'ArrowRight':
    case 'KeyD':
      movement.right = true;
      break;
  }
});

document.addEventListener('keyup', (event) => {
  switch(event.code) {
    case 'ArrowUp':
    case 'KeyW':
      movement.forward = false;
      break;
    case 'ArrowDown':
    case 'KeyS':
      movement.backward = false;
      break;
    case 'ArrowLeft':
    case 'KeyA':
      movement.left = false;
      break;
    case 'ArrowRight':
    case 'KeyD':
      movement.right = false;
      break;
  }
});

function animate() {
  requestAnimationFrame(animate);

  // Movement speed
  const speed = 0.1;

  // Update camera position
  if (movement.forward) {
    camera.position.z -= speed;
  }
  if (movement.backward) {
    camera.position.z += speed;
  }
  if (movement.left) {
    camera.position.x -= speed;
  }
  if (movement.right) {
    camera.position.x += speed;
  }

  renderer.render(scene, camera);
}
```

## 8. Add Enemies and Interactions

- **Enemy Models**: Use simple shapes or import models.
- **AI Behavior**: Implement basic AI that can move towards the player.
- **Combat Mechanics**: Handle shooting and collisions.

Example of adding an enemy:

```javascript
// Enemy geometry and material
const enemyGeometry = new THREE.SphereGeometry(1, 16, 16);
const enemyMaterial = new THREE.MeshBasicMaterial({ color: 0xff0000 });
const enemy = new THREE.Mesh(enemyGeometry, enemyMaterial);
enemy.position.set(0, 1, -20);
scene.add(enemy);

// In the animate loop, make the enemy move towards the player
function animate() {
  requestAnimationFrame(animate);

  // Enemy moves towards the player
  const enemySpeed = 0.02;
  const direction = new THREE.Vector3();
  direction.subVectors(camera.position, enemy.position).normalize();
  enemy.position.addScaledVector(direction, enemySpeed);

  // Rest of the animate code
  renderer.render(scene, camera);
}
```

## 9. Implement Collision Detection

To prevent the player from walking through walls and to detect hits:

- **Bounding Boxes/Spheres**: Use Three.js's `THREE.Box3` or `THREE.Sphere` for simple collision detection.
- **Raycasting**: For more advanced detections.

Example of collision detection between the player and a wall:

```javascript
// Create bounding boxes
const wallBox = new THREE.Box3().setFromObject(wall);
const cameraBox = new THREE.Box3().setFromCenterAndSize(camera.position, new THREE.Vector3(1, 1, 1));

// In the animate loop, after updating the camera position
cameraBox.setFromCenterAndSize(camera.position, new THREE.Vector3(1, 1, 1));

if (cameraBox.intersectsBox(wallBox)) {
  // Handle collision: prevent movement or adjust position
}
```

## 10. Optimize and Enhance

- **Performance**: Optimize rendering and code for performance.
- **Textures and Models**: Use optimized textures and models to improve load times and rendering speed.
- **Sound Effects**: Add audio for a more immersive experience.
- **UI Elements**: Include a HUD (Heads-Up Display) for health, ammo, etc.

## 11. Deployment

- **Testing**: Test your game across different browsers and devices.
- **Hosting**: Use platforms like GitHub Pages, Netlify, or your own server to host the game.
- **Feedback**: Share with others to get feedback and iterate on your design.

## Resources

- **Three.js Journey**: A comprehensive course on Three.js - [threejs-journey.com](https://threejs-journey.com/)
- **MDN Web Docs**: Great resource for web technologies - [developer.mozilla.org](https://developer.mozilla.org/)
- **Game Development Tutorials**:
  - [Creating a FPS with Three.js](https://medium.com/geekculture/how-to-create-a-fps-game-in-three-js-part-1-3bf2af5d93e8)
  - [Learn Three.js](https://discoverthreejs.com/)

## Tips

- Start small: Begin with a minimal prototype and gradually add features.
- Use version control: Git can help you track changes and collaborate if needed.
- Engage with the community: Forums like [Stack Overflow](https://stackoverflow.com/) and [Three.js Discourse](https://discourse.threejs.org/) are invaluable for troubleshooting.

## Conclusion

Developing a 3D Doom-like game with HTML and JavaScript is a challenging but rewarding endeavor. By leveraging libraries like Three.js, you can focus on building your game without getting bogged down by low-level graphics programming. Remember to plan your development, take advantage of available resources, and enjoy the creative process. Happy coding!